# JRE version: OpenJDK Runtime Environment (11.0.12+7) (build 11.0.12+7-b1504.28-7817840)
# Java VM: OpenJDK 64-Bit Server VM (11.0.12+7-b1504.28-7817840, mixed mode, tiered, compressed oops, g1 gc, windows-amd64)
Heap:
 garbage-first heap   total 154624K, used 24200K [0x0000000089000000, 0x0000000100000000)
  region size 1024K, 6 young (6144K), 6 survivors (6144K)
 Metaspace       used 45197K, capacity 45743K, committed 46128K, reserved 1089536K
  class space    used 5408K, capacity 5636K, committed 5760K, reserved 1048576K
GC Heap History (9 events):
Event: 0.570 GC heap before
{Heap before GC invocations=0 (full 0):
 garbage-first heap   total 122880K, used 17408K [0x0000000089000000, 0x0000000100000000)
  region size 1024K, 14 young (14336K), 0 survivors (0K)
 Metaspace       used 9823K, capacity 9938K, committed 10112K, reserved 1058816K
  class space    used 840K, capacity 885K, committed 896K, reserved 1048576K
}
Event: 0.576 GC heap after
{Heap after GC invocations=1 (full 0):
 garbage-first heap   total 122880K, used 5255K [0x0000000089000000, 0x0000000100000000)
  region size 1024K, 2 young (2048K), 2 survivors (2048K)
 Metaspace       used 9823K, capacity 9938K, committed 10112K, reserved 1058816K
  class space    used 840K, capacity 885K, committed 896K, reserved 1048576K
}
Event: 1.837 GC heap before
{Heap before GC invocations=1 (full 0):
 garbage-first heap   total 122880K, used 50311K [0x0000000089000000, 0x0000000100000000)
  region size 1024K, 47 young (48128K), 2 survivors (2048K)
 Metaspace       used 20857K, capacity 21106K, committed 21296K, reserved 1069056K
  class space    used 2209K, capacity 2318K, committed 2432K, reserved 1048576K
}
Event: 1.856 GC heap after
{Heap after GC invocations=2 (full 0):
 garbage-first heap   total 122880K, used 9213K [0x0000000089000000, 0x0000000100000000)
  region size 1024K, 6 young (6144K), 6 survivors (6144K)
 Metaspace       used 20857K, capacity 21106K, committed 21296K, reserved 1069056K
  class space    used 2209K, capacity 2318K, committed 2432K, reserved 1048576K
}
Event: 3.429 GC heap before
{Heap before GC invocations=3 (full 0):
 garbage-first heap   total 122880K, used 60413K [0x0000000089000000, 0x0000000100000000)
  region size 1024K, 51 young (52224K), 6 survivors (6144K)
 Metaspace       used 31945K, capacity 32395K, committed 32688K, reserved 1077248K
  class space    used 3841K, capacity 4009K, committed 4096K, reserved 1048576K
}
Event: 3.464 GC heap after
{Heap after GC invocations=4 (full 0):
 garbage-first heap   total 122880K, used 20166K [0x0000000089000000, 0x0000000100000000)
  region size 1024K, 6 young (6144K), 6 survivors (6144K)
 Metaspace       used 31945K, capacity 32395K, committed 32688K, reserved 1077248K
  class space    used 3841K, capacity 4009K, committed 4096K, reserved 1048576K
}
Event: 3.913 GC heap before
{Heap before GC invocations=4 (full 0):
 garbage-first heap   total 122880K, used 33478K [0x0000000089000000, 0x0000000100000000)
  region size 1024K, 20 young (20480K), 6 survivors (6144K)
 Metaspace       used 35336K, capacity 35765K, committed 35888K, reserved 1081344K
  class space    used 4443K, capacity 4619K, committed 4736K, reserved 1048576K
}
Event: 3.934 GC heap after
{Heap after GC invocations=5 (full 0):
 garbage-first heap   total 122880K, used 22210K [0x0000000089000000, 0x0000000100000000)
  region size 1024K, 2 young (2048K), 2 survivors (2048K)
 Metaspace       used 35336K, capacity 35765K, committed 35888K, reserved 1081344K
  class space    used 4443K, capacity 4619K, committed 4736K, reserved 1048576K
}
Event: 5.167 GC heap before
{Heap before GC invocations=6 (full 0):
 garbage-first heap   total 122880K, used 71362K [0x0000000089000000, 0x0000000100000000)
  region size 1024K, 50 young (51200K), 2 survivors (2048K)
 Metaspace       used 45197K, capacity 45743K, committed 46128K, reserved 1089536K
  class space    used 5408K, capacity 5636K, committed 5760K, reserved 1048576K
}

