# JRE version: OpenJDK Runtime Environment (11.0.12+7) (build 11.0.12+7-b1504.28-7817840)
# Java VM: OpenJDK 64-Bit Server VM (11.0.12+7-b1504.28-7817840, mixed mode, tiered, compressed oops, g1 gc, windows-amd64)
Heap:
 garbage-first heap   total 225280K, used 114953K [0x0000000080000000, 0x0000000100000000)
  region size 1024K, 12 young (12288K), 10 survivors (10240K)
 Metaspace       used 107401K, capacity 110272K, committed 110364K, reserved 1144832K
  class space    used 13665K, capacity 14677K, committed 14720K, reserved 1048576K
GC Heap History (20 events):
Event: 30.974 GC heap before
{Heap before GC invocations=27 (full 0):
 garbage-first heap   total 177152K, used 154232K [0x0000000080000000, 0x0000000100000000)
  region size 1024K, 46 young (47104K), 9 survivors (9216K)
 Metaspace       used 93885K, capacity 96223K, committed 96412K, reserved 1132544K
  class space    used 12139K, capacity 13007K, committed 13056K, reserved 1048576K
}
Event: 31.001 GC heap after
{Heap after GC invocations=28 (full 0):
 garbage-first heap   total 177152K, used 102699K [0x0000000080000000, 0x0000000100000000)
  region size 1024K, 2 young (2048K), 2 survivors (2048K)
 Metaspace       used 93885K, capacity 96223K, committed 96412K, reserved 1132544K
  class space    used 12139K, capacity 13007K, committed 13056K, reserved 1048576K
}
Event: 31.985 GC heap before
{Heap before GC invocations=28 (full 0):
 garbage-first heap   total 177152K, used 139563K [0x0000000080000000, 0x0000000100000000)
  region size 1024K, 39 young (39936K), 2 survivors (2048K)
 Metaspace       used 94380K, capacity 96719K, committed 96924K, reserved 1132544K
  class space    used 12168K, capacity 13056K, committed 13056K, reserved 1048576K
}
Event: 31.999 GC heap after
{Heap after GC invocations=29 (full 0):
 garbage-first heap   total 225280K, used 105288K [0x0000000080000000, 0x0000000100000000)
  region size 1024K, 5 young (5120K), 5 survivors (5120K)
 Metaspace       used 94380K, capacity 96719K, committed 96924K, reserved 1132544K
  class space    used 12168K, capacity 13056K, committed 13056K, reserved 1048576K
}
Event: 33.743 GC heap before
{Heap before GC invocations=30 (full 0):
 garbage-first heap   total 225280K, used 161096K [0x0000000080000000, 0x0000000100000000)
  region size 1024K, 62 young (63488K), 5 survivors (5120K)
 Metaspace       used 96276K, capacity 98517K, committed 98716K, reserved 1134592K
  class space    used 12397K, capacity 13253K, committed 13312K, reserved 1048576K
}
Event: 33.758 GC heap after
{Heap after GC invocations=31 (full 0):
 garbage-first heap   total 225280K, used 106628K [0x0000000080000000, 0x0000000100000000)
  region size 1024K, 6 young (6144K), 6 survivors (6144K)
 Metaspace       used 96276K, capacity 98517K, committed 98716K, reserved 1134592K
  class space    used 12397K, capacity 13253K, committed 13312K, reserved 1048576K
}
Event: 33.805 GC heap before
{Heap before GC invocations=31 (full 0):
 garbage-first heap   total 225280K, used 110724K [0x0000000080000000, 0x0000000100000000)
  region size 1024K, 11 young (11264K), 6 survivors (6144K)
 Metaspace       used 96429K, capacity 98681K, committed 99100K, reserved 1134592K
  class space    used 12420K, capacity 13285K, committed 13440K, reserved 1048576K
}
Event: 33.816 GC heap after
{Heap after GC invocations=32 (full 0):
 garbage-first heap   total 225280K, used 102192K [0x0000000080000000, 0x0000000100000000)
  region size 1024K, 1 young (1024K), 1 survivors (1024K)
 Metaspace       used 96429K, capacity 98681K, committed 99100K, reserved 1134592K
  class space    used 12420K, capacity 13285K, committed 13440K, reserved 1048576K
}
Event: 42.824 GC heap before
{Heap before GC invocations=32 (full 0):
 garbage-first heap   total 225280K, used 165680K [0x0000000080000000, 0x0000000100000000)
  region size 1024K, 64 young (65536K), 1 survivors (1024K)
 Metaspace       used 98759K, capacity 101110K, committed 101404K, reserved 1136640K
  class space    used 12688K, capacity 13560K, committed 13696K, reserved 1048576K
}
Event: 42.838 GC heap after
{Heap after GC invocations=33 (full 0):
 garbage-first heap   total 225280K, used 105904K [0x0000000080000000, 0x0000000100000000)
  region size 1024K, 5 young (5120K), 5 survivors (5120K)
 Metaspace       used 98759K, capacity 101110K, committed 101404K, reserved 1136640K
  class space    used 12688K, capacity 13560K, committed 13696K, reserved 1048576K
}
Event: 43.665 GC heap before
{Heap before GC invocations=33 (full 0):
 garbage-first heap   total 225280K, used 170416K [0x0000000080000000, 0x0000000100000000)
  region size 1024K, 69 young (70656K), 5 survivors (5120K)
 Metaspace       used 100168K, capacity 102563K, committed 102812K, reserved 1138688K
  class space    used 12841K, capacity 13722K, committed 13824K, reserved 1048576K
}
Event: 43.679 GC heap after
{Heap after GC invocations=34 (full 0):
 garbage-first heap   total 225280K, used 109968K [0x0000000080000000, 0x0000000100000000)
  region size 1024K, 9 young (9216K), 9 survivors (9216K)
 Metaspace       used 100168K, capacity 102563K, committed 102812K, reserved 1138688K
  class space    used 12841K, capacity 13722K, committed 13824K, reserved 1048576K
}
Event: 64.588 GC heap before
{Heap before GC invocations=34 (full 0):
 garbage-first heap   total 225280K, used 174480K [0x0000000080000000, 0x0000000100000000)
  region size 1024K, 73 young (74752K), 9 survivors (9216K)
 Metaspace       used 104853K, capacity 107459K, committed 107548K, reserved 1142784K
  class space    used 13474K, capacity 14454K, committed 14464K, reserved 1048576K
}
Event: 64.610 GC heap after
{Heap after GC invocations=35 (full 0):
 garbage-first heap   total 225280K, used 113880K [0x0000000080000000, 0x0000000100000000)
  region size 1024K, 9 young (9216K), 9 survivors (9216K)
 Metaspace       used 104853K, capacity 107459K, committed 107548K, reserved 1142784K
  class space    used 13474K, capacity 14454K, committed 14464K, reserved 1048576K
}
Event: 64.902 GC heap before
{Heap before GC invocations=35 (full 0):
 garbage-first heap   total 225280K, used 138456K [0x0000000080000000, 0x0000000100000000)
  region size 1024K, 35 young (35840K), 9 survivors (9216K)
 Metaspace       used 105180K, capacity 107844K, committed 108188K, reserved 1142784K
  class space    used 13491K, capacity 14493K, committed 14592K, reserved 1048576K
}
Event: 64.919 GC heap after
{Heap after GC invocations=36 (full 0):
 garbage-first heap   total 225280K, used 114196K [0x0000000080000000, 0x0000000100000000)
  region size 1024K, 5 young (5120K), 5 survivors (5120K)
 Metaspace       used 105180K, capacity 107844K, committed 108188K, reserved 1142784K
  class space    used 13491K, capacity 14493K, committed 14592K, reserved 1048576K
}
Event: 112.236 GC heap before
{Heap before GC invocations=37 (full 0):
 garbage-first heap   total 225280K, used 173588K [0x0000000080000000, 0x0000000100000000)
  region size 1024K, 71 young (72704K), 5 survivors (5120K)
 Metaspace       used 106762K, capacity 109614K, committed 109852K, reserved 1144832K
  class space    used 13650K, capacity 14650K, committed 14720K, reserved 1048576K
}
Event: 112.252 GC heap after
{Heap after GC invocations=38 (full 0):
 garbage-first heap   total 225280K, used 106882K [0x0000000080000000, 0x0000000100000000)
  region size 1024K, 7 young (7168K), 7 survivors (7168K)
 Metaspace       used 106762K, capacity 109614K, committed 109852K, reserved 1144832K
  class space    used 13650K, capacity 14650K, committed 14720K, reserved 1048576K
}
Event: 116.202 GC heap before
{Heap before GC invocations=38 (full 0):
 garbage-first heap   total 225280K, used 179586K [0x0000000080000000, 0x0000000100000000)
  region size 1024K, 79 young (80896K), 7 survivors (7168K)
 Metaspace       used 107383K, capacity 110266K, committed 110364K, reserved 1144832K
  class space    used 13664K, capacity 14676K, committed 14720K, reserved 1048576K
}
Event: 116.242 GC heap after
{Heap after GC invocations=39 (full 0):
 garbage-first heap   total 225280K, used 113929K [0x0000000080000000, 0x0000000100000000)
  region size 1024K, 10 young (10240K), 10 survivors (10240K)
 Metaspace       used 107383K, capacity 110266K, committed 110364K, reserved 1144832K
  class space    used 13664K, capacity 14676K, committed 14720K, reserved 1048576K
}

